Cleaning text (0/8)...
Cleaning text (2/8)...
Applying REGEX...
/u/kl5sq/masters/SEER
generating results for all projects...
loading data...
5438 entries
reloaded model
Average time per batch (size=1): 0.03836774826049805
loading data...
1708 entries
reloaded model
Average time per batch (size=1): 0.038884878158569336
loading data...
163 entries
reloaded model
Average time per batch (size=1): 0.03983902931213379
loading data...
39866 entries
reloaded model
Average time per batch (size=1): 0.03944802284240723
loading data...
232 entries
reloaded model
Average time per batch (size=1): 0.03900790214538574
loading data...
3369 entries
reloaded model
Average time per batch (size=1): 0.03825783729553223
loading data...
2946 entries
reloaded model
Average time per batch (size=1): 0.039118051528930664
loading data...
27480 entries
reloaded model
Average time per batch (size=1): 0.038421630859375
loading data...
1072 entries
reloaded model
Average time per batch (size=1): 0.03851485252380371
loading data...
4562 entries
reloaded model
Average time per batch (size=1): 0.038054466247558594
loading data...
182 entries
reloaded model
Average time per batch (size=1): 0.03975200653076172
loading data...
1389 entries
reloaded model
Average time per batch (size=1): 0.03820157051086426
loading data...
1641 entries
reloaded model
Average time per batch (size=1): 0.039290666580200195
loading data...
8002 entries
reloaded model
Average time per batch (size=1): 0.03896307945251465
loading data...
4069 entries
reloaded model
Average time per batch (size=1): 0.03798556327819824
loading data...
2590 entries
reloaded model
Average time per batch (size=1): 0.03818082809448242
loading data...
2858 entries
reloaded model
Average time per batch (size=1): 0.03853964805603027
loading data...
12118 entries
reloaded model
Average time per batch (size=1): 0.03914189338684082
loading data...
15379 entries
reloaded model
Average time per batch (size=1): 0.040047645568847656
loading data...
12911 entries
reloaded model
Average time per batch (size=1): 0.03871345520019531
loading data...
1253 entries
reloaded model
Average time per batch (size=1): 0.03866910934448242
loading data...
2616 entries
reloaded model
Average time per batch (size=1): 0.03734183311462402
loading data...
11244 entries
reloaded model
Average time per batch (size=1): 0.039491891860961914
loading data...
731 entries
reloaded model
Average time per batch (size=1): 0.0397791862487793
loading data...
5280 entries
reloaded model
Average time per batch (size=1): 0.03920912742614746
loading data...
5438 entries
reloaded model
Average time per batch (size=1): 0.03825187683105469
loading data...
1708 entries
reloaded model
Average time per batch (size=1): 0.03888726234436035
loading data...
163 entries
reloaded model
Average time per batch (size=1): 0.03976273536682129
loading data...
39866 entries
reloaded model
Average time per batch (size=1): 0.03928828239440918
loading data...
232 entries
reloaded model
Average time per batch (size=1): 0.03957247734069824
loading data...
3369 entries
reloaded model
Average time per batch (size=1): 0.03774213790893555
loading data...
2946 entries
reloaded model
Average time per batch (size=1): 0.03823041915893555
loading data...
27480 entries
reloaded model
Average time per batch (size=1): 0.03918886184692383
loading data...
1072 entries
reloaded model
Average time per batch (size=1): 0.040288448333740234
loading data...
4562 entries
reloaded model
Average time per batch (size=1): 0.04028677940368652
loading data...
182 entries
reloaded model
Average time per batch (size=1): 0.0396122932434082
loading data...
1389 entries
reloaded model
Average time per batch (size=1): 0.038960933685302734
loading data...
1641 entries
reloaded model
Average time per batch (size=1): 0.03946852684020996
loading data...
8002 entries
reloaded model
Average time per batch (size=1): 0.03825068473815918
loading data...
4069 entries
reloaded model
Average time per batch (size=1): 0.03890585899353027
loading data...
2590 entries
reloaded model
Average time per batch (size=1): 0.039131879806518555
loading data...
2858 entries
reloaded model
Average time per batch (size=1): 0.038758039474487305
loading data...
12118 entries
reloaded model
Average time per batch (size=1): 0.03909111022949219
loading data...
15379 entries
reloaded model
Average time per batch (size=1): 0.03778386116027832
loading data...
12911 entries
reloaded model
Average time per batch (size=1): 0.03816843032836914
loading data...
1253 entries
reloaded model
Average time per batch (size=1): 0.03973746299743652
loading data...
2616 entries
reloaded model
Average time per batch (size=1): 0.04003429412841797
loading data...
11244 entries
reloaded model
Average time per batch (size=1): 0.038793325424194336
loading data...
731 entries
reloaded model
Average time per batch (size=1): 0.03842496871948242
loading data...
5280 entries
reloaded model
Average time per batch (size=1): 0.0399012565612793
